# JRE version: 7.0_11-b21
# Java VM: Java HotSpot(TM) 64-Bit Server VM (23.6-b04 mixed mode windows-amd64 compressed oops)
Heap
 PSYoungGen      total 387712K, used 217612K [0x00000000e8400000, 0x00000000fffb0000, 0x0000000100000000)
  eden space 386560K, 56% used [0x00000000e8400000,0x00000000f5863320,0x00000000ffd80000)
  from space 1152K, 11% used [0x00000000ffd80000,0x00000000ffda0000,0x00000000ffea0000)
  to   space 1024K, 0% used [0x00000000ffeb0000,0x00000000ffeb0000,0x00000000fffb0000)
 ParOldGen       total 277120K, used 227946K [0x00000000a1000000, 0x00000000b1ea0000, 0x00000000e8400000)
  object space 277120K, 82% used [0x00000000a1000000,0x00000000aee9aa58,0x00000000b1ea0000)
 PSPermGen       total 94144K, used 83619K [0x0000000099000000, 0x000000009ebf0000, 0x00000000a1000000)
  object space 94144K, 88% used [0x0000000099000000,0x000000009e1a8f30,0x000000009ebf0000)
GC Heap History (10 events):
Event: 254141.557 GC heap before
{Heap before GC invocations=2069 (full 18):
 PSYoungGen      total 387264K, used 385824K [0x00000000e8400000, 0x00000000fffa0000, 0x0000000100000000)
  eden space 385664K, 100% used [0x00000000e8400000,0x00000000ffca0000,0x00000000ffca0000)
  from space 1600K, 10% used [0x00000000ffe10000,0x00000000ffe38000,0x00000000fffa0000)
  to   space 1472K, 0% used [0x00000000ffca0000,0x00000000ffca0000,0x00000000ffe10000)
 ParOldGen       total 277120K, used 227866K [0x00000000a1000000, 0x00000000b1ea0000, 0x00000000e8400000)
  object space 277120K, 82% used [0x00000000a1000000,0x00000000aee86a58,0x00000000b1ea0000)
 PSPermGen       total 94144K, used 83619K [0x0000000099000000, 0x000000009ebf0000, 0x00000000a1000000)
  object space 94144K, 88% used [0x0000000099000000,0x000000009e1a8f30,0x000000009ebf0000)
Event: 254141.598 GC heap after
Heap after GC invocations=2069 (full 18):
 PSYoungGen      total 387136K, used 128K [0x00000000e8400000, 0x00000000fffc0000, 0x0000000100000000)
  eden space 385664K, 0% used [0x00000000e8400000,0x00000000e8400000,0x00000000ffca0000)
  from space 1472K, 8% used [0x00000000ffca0000,0x00000000ffcc0000,0x00000000ffe10000)
  to   space 1408K, 0% used [0x00000000ffe60000,0x00000000ffe60000,0x00000000fffc0000)
 ParOldGen       total 277120K, used 227882K [0x00000000a1000000, 0x00000000b1ea0000, 0x00000000e8400000)
  object space 277120K, 82% used [0x00000000a1000000,0x00000000aee8aa58,0x00000000b1ea0000)
 PSPermGen       total 94144K, used 83619K [0x0000000099000000, 0x000000009ebf0000, 0x00000000a1000000)
  object space 94144K, 88% used [0x0000000099000000,0x000000009e1a8f30,0x000000009ebf0000)
}
Event: 254142.989 GC heap before
{Heap before GC invocations=2070 (full 18):
 PSYoungGen      total 387136K, used 385792K [0x00000000e8400000, 0x00000000fffc0000, 0x0000000100000000)
  eden space 385664K, 100% used [0x00000000e8400000,0x00000000ffca0000,0x00000000ffca0000)
  from space 1472K, 8% used [0x00000000ffca0000,0x00000000ffcc0000,0x00000000ffe10000)
  to   space 1408K, 0% used [0x00000000ffe60000,0x00000000ffe60000,0x00000000fffc0000)
 ParOldGen       total 277120K, used 227882K [0x00000000a1000000, 0x00000000b1ea0000, 0x00000000e8400000)
  object space 277120K, 82% used [0x00000000a1000000,0x00000000aee8aa58,0x00000000b1ea0000)
 PSPermGen       total 94144K, used 83619K [0x0000000099000000, 0x000000009ebf0000, 0x00000000a1000000)
  object space 94144K, 88% used [0x0000000099000000,0x000000009e1a8f30,0x000000009ebf0000)
Event: 254142.999 GC heap after
Heap after GC invocations=2070 (full 18):
 PSYoungGen      total 387520K, used 96K [0x00000000e8400000, 0x00000000fffb0000, 0x0000000100000000)
  eden space 386176K, 0% used [0x00000000e8400000,0x00000000e8400000,0x00000000ffd20000)
  from space 1344K, 7% used [0x00000000ffe60000,0x00000000ffe78000,0x00000000fffb0000)
  to   space 1280K, 0% used [0x00000000ffd20000,0x00000000ffd20000,0x00000000ffe60000)
 ParOldGen       total 277120K, used 227890K [0x00000000a1000000, 0x00000000b1ea0000, 0x00000000e8400000)
  object space 277120K, 82% used [0x00000000a1000000,0x00000000aee8ca58,0x00000000b1ea0000)
 PSPermGen       total 94144K, used 83619K [0x0000000099000000, 0x000000009ebf0000, 0x00000000a1000000)
  object space 94144K, 88% used [0x0000000099000000,0x000000009e1a8f30,0x000000009ebf0000)
}
Event: 254143.974 GC heap before
{Heap before GC invocations=2071 (full 18):
 PSYoungGen      total 387520K, used 386272K [0x00000000e8400000, 0x00000000fffb0000, 0x0000000100000000)
  eden space 386176K, 100% used [0x00000000e8400000,0x00000000ffd20000,0x00000000ffd20000)
  from space 1344K, 7% used [0x00000000ffe60000,0x00000000ffe78000,0x00000000fffb0000)
  to   space 1280K, 0% used [0x00000000ffd20000,0x00000000ffd20000,0x00000000ffe60000)
 ParOldGen       total 277120K, used 227890K [0x00000000a1000000, 0x00000000b1ea0000, 0x00000000e8400000)
  object space 277120K, 82% used [0x00000000a1000000,0x00000000aee8ca58,0x00000000b1ea0000)
 PSPermGen       total 94144K, used 83619K [0x0000000099000000, 0x000000009ebf0000, 0x00000000a1000000)
  object space 94144K, 88% used [0x0000000099000000,0x000000009e1a8f30,0x000000009ebf0000)
Event: 254144.143 GC heap after
Heap after GC invocations=2071 (full 18):
 PSYoungGen      total 387456K, used 128K [0x00000000e8400000, 0x00000000fffd0000, 0x0000000100000000)
  eden space 386176K, 0% used [0x00000000e8400000,0x00000000e8400000,0x00000000ffd20000)
  from space 1280K, 10% used [0x00000000ffd20000,0x00000000ffd40000,0x00000000ffe60000)
  to   space 1216K, 0% used [0x00000000ffea0000,0x00000000ffea0000,0x00000000fffd0000)
 ParOldGen       total 277120K, used 227890K [0x00000000a1000000, 0x00000000b1ea0000, 0x00000000e8400000)
  object space 277120K, 82% used [0x00000000a1000000,0x00000000aee8ca58,0x00000000b1ea0000)
 PSPermGen       total 94144K, used 83619K [0x0000000099000000, 0x000000009ebf0000, 0x00000000a1000000)
  object space 94144K, 88% used [0x0000000099000000,0x000000009e1a8f30,0x000000009ebf0000)
}
Event: 254145.618 GC heap before
{Heap before GC invocations=2072 (full 18):
 PSYoungGen      total 387456K, used 386304K [0x00000000e8400000, 0x00000000fffd0000, 0x0000000100000000)
  eden space 386176K, 100% used [0x00000000e8400000,0x00000000ffd20000,0x00000000ffd20000)
  from space 1280K, 10% used [0x00000000ffd20000,0x00000000ffd40000,0x00000000ffe60000)
  to   space 1216K, 0% used [0x00000000ffea0000,0x00000000ffea0000,0x00000000fffd0000)
 ParOldGen       total 277120K, used 227890K [0x00000000a1000000, 0x00000000b1ea0000, 0x00000000e8400000)
  object space 277120K, 82% used [0x00000000a1000000,0x00000000aee8ca58,0x00000000b1ea0000)
 PSPermGen       total 94144K, used 83619K [0x0000000099000000, 0x000000009ebf0000, 0x00000000a1000000)
  object space 94144K, 88% used [0x0000000099000000,0x000000009e1a8f30,0x000000009ebf0000)
Event: 254145.746 GC heap after
Heap after GC invocations=2072 (full 18):
 PSYoungGen      total 387776K, used 128K [0x00000000e8400000, 0x00000000fffd0000, 0x0000000100000000)
  eden space 386560K, 0% used [0x00000000e8400000,0x00000000e8400000,0x00000000ffd80000)
  from space 1216K, 10% used [0x00000000ffea0000,0x00000000ffec0000,0x00000000fffd0000)
  to   space 1152K, 0% used [0x00000000ffd80000,0x00000000ffd80000,0x00000000ffea0000)
 ParOldGen       total 277120K, used 227938K [0x00000000a1000000, 0x00000000b1ea0000, 0x00000000e8400000)
  object space 277120K, 82% used [0x00000000a1000000,0x00000000aee98a58,0x00000000b1ea0000)
 PSPermGen       total 94144K, used 83619K [0x0000000099000000, 0x000000009ebf0000, 0x00000000a1000000)
  object space 94144K, 88% used [0x0000000099000000,0x000000009e1a8f30,0x000000009ebf0000)
}
Event: 254146.873 GC heap before
{Heap before GC invocations=2073 (full 18):
 PSYoungGen      total 387776K, used 386688K [0x00000000e8400000, 0x00000000fffd0000, 0x0000000100000000)
  eden space 386560K, 100% used [0x00000000e8400000,0x00000000ffd80000,0x00000000ffd80000)
  from space 1216K, 10% used [0x00000000ffea0000,0x00000000ffec0000,0x00000000fffd0000)
  to   space 1152K, 0% used [0x00000000ffd80000,0x00000000ffd80000,0x00000000ffea0000)
 ParOldGen       total 277120K, used 227938K [0x00000000a1000000, 0x00000000b1ea0000, 0x00000000e8400000)
  object space 277120K, 82% used [0x00000000a1000000,0x00000000aee98a58,0x00000000b1ea0000)
 PSPermGen       total 94144K, used 83619K [0x0000000099000000, 0x000000009ebf0000, 0x00000000a1000000)
  object space 94144K, 88% used [0x0000000099000000,0x000000009e1a8f30,0x000000009ebf0000)
Event: 254146.884 GC heap after
Heap after GC invocations=2073 (full 18):
 PSYoungGen      total 387712K, used 128K [0x00000000e8400000, 0x00000000fffb0000, 0x0000000100000000)
  eden space 386560K, 0% used [0x00000000e8400000,0x00000000e8400000,0x00000000ffd80000)
  from space 1152K, 11% used [0x00000000ffd80000,0x00000000ffda0000,0x00000000ffea0000)
  to   space 1024K, 0% used [0x00000000ffeb0000,0x00000000ffeb0000,0x00000000fffb0000)
 ParOldGen       total 277120K, used 227946K [0x00000000a1000000, 0x00000000b1ea0000, 0x00000000e8400000)
  object space 277120K, 82% used [0x00000000a1000000,0x00000000aee9aa58,0x00000000b1ea0000)
 PSPermGen       total 94144K, used 83619K [0x0000000099000000, 0x000000009ebf0000, 0x00000000a1000000)
  object space 94144K, 88% used [0x0000000099000000,0x000000009e1a8f30,0x000000009ebf0000)
}

